<?xml version="1.0" encoding="utf-8"?>
<TestRun id="f28281d6-9e59-4847-b162-7406bf304767" name="@localhost 2023-01-13 22:20:49" xmlns="http://microsoft.com/schemas/VisualStudio/TeamTest/2010">
  <Times creation="2023-01-13T22:20:49.4574355+08:00" queuing="2023-01-13T22:20:49.4574369+08:00" start="2023-01-13T22:20:48.7447463+08:00" finish="2023-01-13T22:20:49.4580924+08:00" />
  <TestSettings name="default" id="944bf703-7d9b-4aea-bc2b-b9f41eb7a57a">
    <Deployment runDeploymentRoot="_localhost_2023-01-13_22_20_49" />
  </TestSettings>
  <TestLists>
    <TestList name="Results Not in a List" id="8c84fa94-04c1-424b-9868-57a2d4851a1d" />
    <TestList name="All Loaded Results" id="19431567-8539-422a-85d7-44ee4e166bda" />
  </TestLists>
  <ResultSummary outcome="Completed">
    <Counters total="0" executed="0" passed="0" failed="0" error="0" timeout="0" aborted="0" inconclusive="0" passedButRunAborted="0" notRunnable="0" notExecuted="0" disconnected="0" warning="0" completed="0" inProgress="0" pending="0" />
    <Output>
      <StdOut>NUnit Adapter 4.2.0.0: Test execution started
Running selected tests in /home/muqiu/Workspace/concepts-and-semantics-of-programming-languages/CaSoPL.Tests/bin/Debug/net7.0/CaSoPL.Tests.dll
   NUnit3TestExecutor discovered 0 of 0 NUnit test cases using Current Discovery mode, Explicit run
NUnit Adapter 4.2.0.0: Test execution complete
</StdOut>
    </Output>
    <RunInfos>
      <RunInfo computerName="localhost" outcome="Warning" timestamp="2023-01-13T22:20:49.3692099+08:00">
        <Text>No test matches the given testcase filter `(FullyQualifiedName=CaSoPL.Tests.Env)` in /home/muqiu/Workspace/concepts-and-semantics-of-programming-languages/CaSoPL.Tests/bin/Debug/net7.0/CaSoPL.Tests.dll</Text>
      </RunInfo>
    </RunInfos>
  </ResultSummary>
</TestRun>